This is pdfTeX, Version 3.141592653-2.6-1.40.23 (MiKTeX 21.7) (preloaded format=pdflatex 2021.9.1)  18 SEP 2021 21:34
entering extended mode
**./main.tex
(main.tex
LaTeX2e <2021-06-01> patch level 1
L3 programming layer <2021-08-27>
(/Users/zachprobst/Library/Application Support/MiKTeX/texmfs/install/tex/latex/
base/article.cls
Document Class: article 2021/02/12 v1.4n Standard LaTeX document class

(/Users/zachprobst/Library/Application Support/MiKTeX/texmfs/install/tex/latex/
base/size11.clo
File: size11.clo 2021/02/12 v1.4n Standard LaTeX file (size option)
)
\c@part=\count182
\c@section=\count183
\c@subsection=\count184
\c@subsubsection=\count185
\c@paragraph=\count186
\c@subparagraph=\count187
\c@figure=\count188
\c@table=\count189
\abovecaptionskip=\skip47
\belowcaptionskip=\skip48
\bibindent=\dimen138
)
(/Users/zachprobst/Library/Application Support/MiKTeX/texmfs/install/tex/latex/
amsmath/amsmath.sty
Package: amsmath 2021/04/20 v2.17j AMS math features
\@mathmargin=\skip49

For additional information on amsmath, use the `?' option.

(/Users/zachprobst/Library/Application Support/MiKTeX/texmfs/install/tex/latex/
amsmath/amstext.sty
Package: amstext 2000/06/29 v2.01 AMS text

(/Users/zachprobst/Library/Application Support/MiKTeX/texmfs/install/tex/latex/
amsmath/amsgen.sty
File: amsgen.sty 1999/11/30 v2.0 generic functions
\@emptytoks=\toks16
\ex@=\dimen139
))
(/Users/zachprobst/Library/Application Support/MiKTeX/texmfs/install/tex/latex/
amsmath/amsbsy.sty
Package: amsbsy 1999/11/29 v1.2d Bold Symbols
\pmbraise@=\dimen140
)
(/Users/zachprobst/Library/Application Support/MiKTeX/texmfs/install/tex/latex/
amsmath/amsopn.sty
Package: amsopn 2016/03/08 v2.02 operator names
)
\inf@bad=\count190
LaTeX Info: Redefining \frac on input line 234.
\uproot@=\count191
\leftroot@=\count192
LaTeX Info: Redefining \overline on input line 399.
\classnum@=\count193
\DOTSCASE@=\count194
LaTeX Info: Redefining \ldots on input line 496.
LaTeX Info: Redefining \dots on input line 499.
LaTeX Info: Redefining \cdots on input line 620.
\Mathstrutbox@=\box50
\strutbox@=\box51
\big@size=\dimen141
LaTeX Font Info:    Redeclaring font encoding OML on input line 743.
LaTeX Font Info:    Redeclaring font encoding OMS on input line 744.
\macc@depth=\count195
\c@MaxMatrixCols=\count196
\dotsspace@=\muskip16
\c@parentequation=\count197
\dspbrk@lvl=\count198
\tag@help=\toks17
\row@=\count199
\column@=\count266
\maxfields@=\count267
\andhelp@=\toks18
\eqnshift@=\dimen142
\alignsep@=\dimen143
\tagshift@=\dimen144
\tagwidth@=\dimen145
\totwidth@=\dimen146
\lineht@=\dimen147
\@envbody=\toks19
\multlinegap=\skip50
\multlinetaggap=\skip51
\mathdisplay@stack=\toks20
LaTeX Info: Redefining \[ on input line 2923.
LaTeX Info: Redefining \] on input line 2924.
)
(/Users/zachprobst/Library/Application Support/MiKTeX/texmfs/install/tex/latex/
amsfonts/amsfonts.sty
Package: amsfonts 2013/01/14 v3.01 Basic AMSFonts support
\symAMSa=\mathgroup4
\symAMSb=\mathgroup5
LaTeX Font Info:    Redeclaring math symbol \hbar on input line 98.
LaTeX Font Info:    Overwriting math alphabet `\mathfrak' in version `bold'
(Font)                  U/euf/m/n --> U/euf/b/n on input line 106.
)
(/Users/zachprobst/Library/Application Support/MiKTeX/texmfs/install/tex/latex/
amscls/amsthm.sty
Package: amsthm 2020/05/29 v2.20.6
\thm@style=\toks21
\thm@bodyfont=\toks22
\thm@headfont=\toks23
\thm@notefont=\toks24
\thm@headpunct=\toks25
\thm@preskip=\skip52
\thm@postskip=\skip53
\thm@headsep=\skip54
\dth@everypar=\toks26
)
(/Users/zachprobst/Library/Application Support/MiKTeX/texmfs/install/tex/latex/
mathtools/mathtools.sty
Package: mathtools 2021/04/12 v1.27 mathematical typesetting tools

(/Users/zachprobst/Library/Application Support/MiKTeX/texmfs/install/tex/latex/
graphics/keyval.sty
Package: keyval 2014/10/28 v1.15 key=value parser (DPC)
\KV@toks@=\toks27
)
(/Users/zachprobst/Library/Application Support/MiKTeX/texmfs/install/tex/latex/
tools/calc.sty
Package: calc 2017/05/25 v4.3 Infix arithmetic (KKT,FJ)
\calc@Acount=\count268
\calc@Bcount=\count269
\calc@Adimen=\dimen148
\calc@Bdimen=\dimen149
\calc@Askip=\skip55
\calc@Bskip=\skip56
LaTeX Info: Redefining \setlength on input line 80.
LaTeX Info: Redefining \addtolength on input line 81.
\calc@Ccount=\count270
\calc@Cskip=\skip57
)
(/Users/zachprobst/Library/Application Support/MiKTeX/texmfs/install/tex/latex/
mathtools/mhsetup.sty
Package: mhsetup 2021/03/18 v1.4 programming setup (MH)
)
LaTeX Info: Thecontrolsequence`\('isalreadyrobust on input line 130.
LaTeX Info: Thecontrolsequence`\)'isalreadyrobust on input line 130.
LaTeX Info: Thecontrolsequence`\['isalreadyrobust on input line 130.
LaTeX Info: Thecontrolsequence`\]'isalreadyrobust on input line 130.
\g_MT_multlinerow_int=\count271
\l_MT_multwidth_dim=\dimen150
\origjot=\skip58
\l_MT_shortvdotswithinadjustabove_dim=\dimen151
\l_MT_shortvdotswithinadjustbelow_dim=\dimen152
\l_MT_above_intertext_sep=\dimen153
\l_MT_below_intertext_sep=\dimen154
\l_MT_above_shortintertext_sep=\dimen155
\l_MT_below_shortintertext_sep=\dimen156
\xmathstrut@box=\box52
\xmathstrut@dim=\dimen157
)
(/Users/zachprobst/Library/Application Support/MiKTeX/texmfs/install/tex/latex/
cancel/cancel.sty
Package: cancel 2013/04/12 v2.2 Cancel math terms
)
\c@theorem=\count272
\c@corollary=\count273
\c@definition=\count274

(/Users/zachprobst/Library/Application Support/MiKTeX/texmfs/install/tex/latex/
l3backend/l3backend-pdftex.def
File: l3backend-pdftex.def 2021-08-04 L3 backend support: PDF output (pdfTeX)
\l__color_backend_stack_int=\count275
\l__pdf_internal_box=\box53
)
(/Users/zachprobst/Desktop/school/math454/out/main.aux)
\openout1 = `main.aux'.

LaTeX Font Info:    Checking defaults for OML/cmm/m/it on input line 40.
LaTeX Font Info:    ... okay on input line 40.
LaTeX Font Info:    Checking defaults for OMS/cmsy/m/n on input line 40.
LaTeX Font Info:    ... okay on input line 40.
LaTeX Font Info:    Checking defaults for OT1/cmr/m/n on input line 40.
LaTeX Font Info:    ... okay on input line 40.
LaTeX Font Info:    Checking defaults for T1/cmr/m/n on input line 40.
LaTeX Font Info:    ... okay on input line 40.
LaTeX Font Info:    Checking defaults for TS1/cmr/m/n on input line 40.
LaTeX Font Info:    ... okay on input line 40.
LaTeX Font Info:    Checking defaults for OMX/cmex/m/n on input line 40.
LaTeX Font Info:    ... okay on input line 40.
LaTeX Font Info:    Checking defaults for U/cmr/m/n on input line 40.
LaTeX Font Info:    ... okay on input line 40.

(/Users/zachprobst/Library/Application Support/MiKTeX/texmfs/install/tex/latex/
graphics/graphicx.sty
Package: graphicx 2020/12/05 v1.2c Enhanced LaTeX Graphics (DPC,SPQR)

(/Users/zachprobst/Library/Application Support/MiKTeX/texmfs/install/tex/latex/
graphics/graphics.sty
Package: graphics 2021/03/04 v1.4d Standard LaTeX Graphics (DPC,SPQR)

(/Users/zachprobst/Library/Application Support/MiKTeX/texmfs/install/tex/latex/
graphics/trig.sty
Package: trig 2016/01/03 v1.10 sin cos tan (DPC)
)
(/Users/zachprobst/Library/Application Support/MiKTeX/texmfs/install/tex/latex/
graphics-cfg/graphics.cfg
File: graphics.cfg 2016/06/04 v1.11 sample graphics configuration
)
Package graphics Info: Driver file: pdftex.def on input line 107.

(/Users/zachprobst/Library/Application Support/MiKTeX/texmfs/install/tex/latex/
graphics-def/pdftex.def
File: pdftex.def 2020/10/05 v1.2a Graphics/color driver for pdftex

(/Users/zachprobst/Library/Application Support/MiKTeX/texmfs/install/tex/contex
t/base/mkii/supp-pdf.mkii
[Loading MPS to PDF converter (version 2006.09.02).]
\scratchcounter=\count276
\scratchdimen=\dimen158
\scratchbox=\box54
\nofMPsegments=\count277
\nofMParguments=\count278
\everyMPshowfont=\toks28
\MPscratchCnt=\count279
\MPscratchDim=\dimen159
\MPnumerator=\count280
\makeMPintoPDFobject=\count281
\everyMPtoPDFconversion=\toks29
)))
(/Users/zachprobst/Library/Application Support/MiKTeX/texmfs/install/tex/latex/
epstopdf-pkg/epstopdf-base.sty
Package: epstopdf-base 2020-01-24 v2.11 Base part for package epstopdf
Package epstopdf-base Info: Redefining graphics rule for `.eps' on input line 4
85.

(/Users/zachprobst/Library/Application Support/MiKTeX/texmfs/install/tex/latex/
00miktex/epstopdf-sys.cfg
File: epstopdf-sys.cfg 2021/03/18 v2.0 Configuration of epstopdf for MiKTeX
))
\Gin@req@height=\dimen160
\Gin@req@width=\dimen161
)
LaTeX Font Info:    Trying to load font information for U+msa on input line 42.


(/Users/zachprobst/Library/Application Support/MiKTeX/texmfs/install/tex/latex/
amsfonts/umsa.fd
File: umsa.fd 2013/01/14 v3.01 AMS symbols A
)
LaTeX Font Info:    Trying to load font information for U+msb on input line 42.


(/Users/zachprobst/Library/Application Support/MiKTeX/texmfs/install/tex/latex/
amsfonts/umsb.fd
File: umsb.fd 2013/01/14 v3.01 AMS symbols B
) (borel-sets.tex [1

{/Users/zachprobst/Library/Application Support/MiKTeX/texmfs/data/pdftex/config
/pdftex.map}]
Overfull \hbox (7.74777pt too wide) in paragraph at lines 32--33
\OT1/cmr/bx/n/10.95 Corollary 1.1.1 \OT1/cmr/m/n/10.95 (Nested Set Theorem)\OT1
/cmr/bx/n/10.95 . \OT1/cmr/m/it/10.95 Let $\OMS/cmsy/m/n/10.95 f\OML/cmm/m/it/1
0.95 F[]\OMS/cmsy/m/n/10.95 g[]$ \OT1/cmr/m/it/10.95 be a countable collection
 []


Overfull \hbox (1.722pt too wide) in paragraph at lines 39--43
[]\OT1/cmr/m/n/10.95 Suppose $\OMS/cmsy/m/n/10.95 \[]\OML/cmm/m/it/10.95 F[] \O
T1/cmr/m/n/10.95 = \OMS/cmsy/m/n/10.95 ;$ \OT1/cmr/m/n/10.95 so let $\OML/cmm/m
/it/10.95 U[] \OT1/cmr/m/n/10.95 = \OML/cmm/m/it/10.95 F[]$ \OT1/cmr/m/n/10.95 
be open sets, such that $\OMS/cmsy/m/n/10.95 [[]\OML/cmm/m/it/10.95 U[] \OT1/cm
r/m/n/10.95 =
 []

) (measure-theory.tex [2]
Overfull \hbox (2.94508pt too wide) in paragraph at lines 47--48
\OT1/cmr/bx/n/10.95 Definition 2.2 \OT1/cmr/m/n/10.95 (Borel Sets)\OT1/cmr/bx/n
/10.95 . \OT1/cmr/m/it/10.95 The $\OML/cmm/m/it/10.95 [] \OMS/cmsy/m/n/10.95 B
$ \OT1/cmr/m/it/10.95 of Borel Sets is the $\OML/cmm/m/it/10.95 [] []$
 []

) (lebesgue-outer-measure.tex [3] [4]
Overfull \hbox (2.46071pt too wide) in paragraph at lines 73--76
\OT1/cmr/m/n/10.95 1\OML/cmm/m/it/10.95 ; \OT1/cmr/m/n/10.95 2\OML/cmm/m/it/10.
95 ; []$ $\OMS/cmsy/m/n/10.95 f\OML/cmm/m/it/10.95 I[]\OMS/cmsy/m/n/10.95 g 2 C
[]$ \OT1/cmr/m/n/10.95 and $[][] \OML/cmm/m/it/10.95 `\OT1/cmr/m/n/10.95 (\OML/
cmm/m/it/10.95 I[]\OT1/cmr/m/n/10.95 ) = 2 [][] \OML/cmm/m/it/10.95 [] \OT1/cm
r/m/n/10.95 = []$ from the geometric
 []

[5] [6]) [7]
Overfull \hbox (26.45297pt too wide) in paragraph at lines 122--124
[]\OT1/cmr/m/n/10.95 Our goal is to show that Lebesgue measurable sets $\OMS/cm
sy/m/n/10.95 L \OT1/cmr/m/n/10.95 = \OMS/cmsy/m/n/10.95 f\OML/cmm/m/it/10.95 E 
\OMS/cmsy/m/n/10.95  \U/msb/m/n/10.95 R \OMS/cmsy/m/n/10.95 j \OML/cmm/m/it/10
.95 E[]\OMS/cmsy/m/n/10.95 g$
 []

[8] [9] (/Users/zachprobst/Desktop/school/math454/out/main.aux) ) 
Here is how much of TeX's memory you used:
 2755 strings out of 480862
 43500 string characters out of 2901731
 346963 words of memory out of 3000000
 20336 multiletter control sequences out of 15000+600000
 417391 words of font info for 80 fonts, out of 8000000 for 9000
 0 hyphenation exceptions out of 8191
 64i,18n,72p,330b,295s stack positions out of 5000i,500n,10000p,200000b,80000s
 </Users/zachp
robst/Library/Application Support/MiKTeX/texmfs/data/fonts/pk/ljfour/jknappen/e
c/dpi600/tcrm1095.pk> </Users/zachprobst/Library/Application Support/MiKTeX/tex
mfs/data/fonts/pk/ljfour/jknappen/ec/dpi600/tcrm0600.pk> </Users/zachprobst/Lib
rary/Application Support/MiKTeX/texmfs/data/fonts/pk/ljfour/jknappen/ec/dpi600/
tcrm0800.pk></Users/zachprobst/Library/Application Support/MiKTeX/texmfs/instal
l/fonts/type1/public/amsfonts/cm/cmbx10.pfb></Users/zachprobst/Library/Applicat
ion Support/MiKTeX/texmfs/install/fonts/type1/public/amsfonts/cm/cmbx12.pfb></U
sers/zachprobst/Library/Application Support/MiKTeX/texmfs/install/fonts/type1/p
ublic/amsfonts/cm/cmex10.pfb></Users/zachprobst/Library/Application Support/MiK
TeX/texmfs/install/fonts/type1/public/amsfonts/cm/cmmi10.pfb></Users/zachprobst
/Library/Application Support/MiKTeX/texmfs/install/fonts/type1/public/amsfonts/
cm/cmmi12.pfb></Users/zachprobst/Library/Application Support/MiKTeX/texmfs/inst
all/fonts/type1/public/amsfonts/cm/cmmi6.pfb></Users/zachprobst/Library/Applica
tion Support/MiKTeX/texmfs/install/fonts/type1/public/amsfonts/cm/cmmi8.pfb></U
sers/zachprobst/Library/Application Support/MiKTeX/texmfs/install/fonts/type1/p
ublic/amsfonts/cm/cmr10.pfb></Users/zachprobst/Library/Application Support/MiKT
eX/texmfs/install/fonts/type1/public/amsfonts/cm/cmr12.pfb></Users/zachprobst/L
ibrary/Application Support/MiKTeX/texmfs/install/fonts/type1/public/amsfonts/cm
/cmr17.pfb></Users/zachprobst/Library/Application Support/MiKTeX/texmfs/install
/fonts/type1/public/amsfonts/cm/cmr6.pfb></Users/zachprobst/Library/Application
 Support/MiKTeX/texmfs/install/fonts/type1/public/amsfonts/cm/cmr8.pfb></Users/
zachprobst/Library/Application Support/MiKTeX/texmfs/install/fonts/type1/public
/amsfonts/cm/cmr9.pfb></Users/zachprobst/Library/Application Support/MiKTeX/tex
mfs/install/fonts/type1/public/amsfonts/cm/cmsy10.pfb></Users/zachprobst/Librar
y/Application Support/MiKTeX/texmfs/install/fonts/type1/public/amsfonts/cm/cmsy
6.pfb></Users/zachprobst/Library/Application Support/MiKTeX/texmfs/install/font
s/type1/public/amsfonts/cm/cmsy8.pfb></Users/zachprobst/Library/Application Sup
port/MiKTeX/texmfs/install/fonts/type1/public/amsfonts/cm/cmti10.pfb></Users/za
chprobst/Library/Application Support/MiKTeX/texmfs/install/fonts/type1/public/a
msfonts/latxfont/line10.pfb></Users/zachprobst/Library/Application Support/MiKT
eX/texmfs/install/fonts/type1/public/amsfonts/symbols/msbm10.pfb>
Output written on /Users/zachprobst/Desktop/school/math454/out/main.pdf (9 page
s, 251523 bytes).
PDF statistics:
 142 PDF objects out of 1000 (max. 8388607)
 0 named destinations out of 1000 (max. 500000)
 1 words of extra memory for PDF output out of 10000 (max. 10000000)

